<?xml version="1.0" encoding="UTF-8"?>
<testng-results ignored="0" total="1" passed="1" failed="0" skipped="0">
  <reporter-output>
  </reporter-output>
  <suite started-at="2026-02-05T21:20:17 IST" name="Default suite" finished-at="2026-02-05T21:21:17 IST" duration-ms="59926">
    <groups>
    </groups>
    <test started-at="2026-02-05T21:20:17 IST" name="Default test" finished-at="2026-02-05T21:21:17 IST" duration-ms="59926">
      <class name="tests.ExperienceTests">
        <test-method signature="TC06_validateExperienceBookingFlow(java.lang.String)[pri:0, instance:tests.ExperienceTests@74bdc168]" started-at="2026-02-05T21:20:17 IST" name="TC06_validateExperienceBookingFlow" finished-at="2026-02-05T21:21:17 IST" duration-ms="59817" status="PASS">
          <params>
            <param index="0">
              <value>
                <![CDATA[chrome]]>
              </value>
            </param>
          </params>
          <reporter-output>
          </reporter-output>
        </test-method> <!-- TC06_validateExperienceBookingFlow -->
      </class> <!-- tests.ExperienceTests -->
    </test> <!-- Default test -->
  </suite> <!-- Default suite -->
</testng-results>
