<?xml version="1.0" encoding="UTF-8"?>
<!-- Generated by org.testng.reporters.JUnitReportReporter -->
<testsuite hostname="LTIN675555" failures="0" tests="2" name="tests.ExperienceTests" time="33.231" errors="0" timestamp="2026-02-07T19:23:00 IST" skipped="0">
  <testcase classname="tests.ExperienceTests" name="TC06_validateExperienceBookingFlow" time="15.351"/>
  <system-out/>
  <testcase classname="tests.ExperienceTests" name="validateExperienceBookingPage" time="17.880"/>
  <system-out/>
</testsuite> <!-- tests.ExperienceTests -->
