<?xml version="1.0" encoding="UTF-8"?>
<!-- Generated by org.testng.reporters.JUnitReportReporter -->
<testsuite hostname="LTIN675555" failures="0" tests="2" name="tests.ServiceTests" time="30.406" errors="0" timestamp="2026-02-09T23:53:16 IST" skipped="0">
  <testcase classname="tests.ServiceTests" name="TC11_validateServiceBookingFlow" time="15.922"/>
  <system-out/>
  <testcase classname="tests.ServiceTests" name="validateServiceBookingPage" time="14.484"/>
  <system-out/>
</testsuite> <!-- tests.ServiceTests -->
