<?xml version="1.0" encoding="UTF-8"?>
<!-- Generated by org.testng.reporters.JUnitReportReporter -->
<testsuite hostname="LTIN675555" failures="0" tests="2" name="tests.ExperienceTests" time="33.318" errors="0" timestamp="2026-02-09T23:53:16 IST" skipped="0">
  <testcase classname="tests.ExperienceTests" name="TC06_validateExperienceBookingFlow" time="15.653"/>
  <system-out/>
  <testcase classname="tests.ExperienceTests" name="validateExperienceBookingPage" time="17.665"/>
  <system-out/>
</testsuite> <!-- tests.ExperienceTests -->
