<?xml version="1.0" encoding="UTF-8"?>
<!-- Generated by org.testng.reporters.JUnitXMLReporter -->
<testsuite ignored="0" hostname="LTIN675555" failures="0" tests="5" name="Chrome Tests" time="143.869" errors="0" timestamp="2026-02-07T22:32:27 IST">
  <testcase classname="tests.HomeTests" name="TC01_validateHomeBookingFlow" time="46.484"/>
  <testcase classname="tests.ExperienceTests" name="TC06_validateExperienceBookingFlow" time="17.69"/>
  <testcase classname="tests.ExperienceTests" name="validateExperienceBookingPage" time="19.962"/>
  <testcase classname="tests.ServiceTests" name="TC11_validateServiceBookingFlow" time="10.826"/>
  <testcase classname="tests.ServiceTests" name="validateServiceBookingPage" time="15.152"/>
</testsuite> <!-- Chrome Tests -->
