<?xml version="1.0" encoding="UTF-8"?>
<!-- Generated by org.testng.reporters.JUnitXMLReporter -->
<testsuite ignored="0" hostname="LTIN675555" failures="0" tests="5" name="Chrome Tests" time="129.588" errors="0" timestamp="2026-02-09T23:53:16 IST">
  <testcase classname="tests.HomeTests" name="TC01_validateHomeBookingFlow" time="38.357"/>
  <testcase classname="tests.ExperienceTests" name="TC06_validateExperienceBookingFlow" time="15.653"/>
  <testcase classname="tests.ExperienceTests" name="validateExperienceBookingPage" time="17.665"/>
  <testcase classname="tests.ServiceTests" name="TC11_validateServiceBookingFlow" time="15.922"/>
  <testcase classname="tests.ServiceTests" name="validateServiceBookingPage" time="14.484"/>
</testsuite> <!-- Chrome Tests -->
